[48251][1766853111839][main][info]["Booting Postman 11.77.2, linux-6.18.2-2-cachyos on x64"]
[48251][1766853111840][main][info]["EventBus~initialize - Success"]
[48251][1766853111841][main][info]["Proxy configuration has not been setup"]
[48251][1766853111842][main][info]["CloudProxyManager~init - Success"]
[48251][1766853111843][main][info]["performShellDataMigration: Starting shell data migration"]
[48251][1766853111843][main][info]["migrateShellData:Starting"]
[48251][1766853111843][main][info]["migrateShellData: Old storage cleaned up"]
[48251][1766853111970][main][info]["migrateShellData: Got data from shell. Writing to storage"]
[48251][1766853111977][main][info]["performShellDataMigration: Migration successful on try count 1"]
[48251][1766853111983][main][info]["UpdateHandler~init - Success"]
[48251][1766853111984][main][info]["LeaderSelection: Initialized successfully"]
[48251][1766853111993][main][info]["GPU detected VID 4318 DID 10465 ACTIVE true"]
[48251][1766853111993][main][info]["GPU detected VID 32902 DID 42912 ACTIVE false"]
[48251][1766853111995][main][info]["main.js: Agent started"]
[48251][1766853111995][main][error]["[payments] failed to enable sandbox mode",{"name":"Error","message":"app.enableSandbox() can only be called before app is ready","stack":"Error: app.enableSandbox() can only be called before app is ready\n    at initPaymentView (/opt/postman/app/resources/app/main.js:936:109229)\n    at /opt/postman/app/resources/app/main.js:15:31129"}]
[48251][1766853111995][main][info]["main.js: Payment view IPC handlers initialized"]
[48251][1766853111995][main][info]["shellController~init: Success"]
[48251][1766853111995][main][info]["shellMeta~init: Success"]
[48251][1766853111996][main][info]["partitionMigrationService: State of V7 partition:"]
[48251][1766853111996][main][info]["partitionMigrationService: V7 partitions",[]]
[48251][1766853111996][main][info]["partitionMigrationService~rectifyNamespaceOfScratchPadPartition: There is no partition with scratchpad namespace"]
[48251][1766853111996][main][info]["partitionMigrationService~rectifyNamespaceOfScratchPadPartition: There is no transit partition which could have been used for scratchpad"]
[48251][1766853111996][main][info]["partitionMigrationService~init: Success"]
[48251][1766853111996][main][info]["partitionMigrationService~runV8PartitionsIntegrity: Two way migration~ removing the following partitions from v8",[]]
[48251][1766853111996][main][info]["userPartitionService~_rectifyTheActivePartitionOfApplication: Setting the active partition to ",null]
[48251][1766853112000][main][info]["LinuxAutoUpdater~Cleanup - Initial cleanup successful"]
[48251][1766853112002][main][info]["newAccountRegionPreferenceService~getPreferenceWithFallback - Preference not found in storage."]
[48251][1766853112002][main][info]["newAccountRegionPreferenceService~getToggleMenuTemplate - Using preference:","useUSRegion"]
[48251][1766853112014][main][info]["userPartitionService~init: Success"]
[48251][1766853112045][main][info]["userPartitionService: State of v8 partition system:"]
[48251][1766853112045][main][info]["shell~init~getPartitionToLoad: loading scratchpad partition"]
[48251][1766853112045][main][info]["userPartitionService: List of partitions:",[]]
[48251][1766853112045][main][info]["userPartitionService: users global meta:",{}]
[48251][1766853112059][main][info]["Main:windowManager~newRequesterWindow: Fetch and update runtime config: undefined"]
[48251][1766853113890][main][info]["RuntimeIPCAgent~started: Success"]
[48251][1766853113906][main][info]["Main~scratchpadThemeAction:: action: set, value: dark"]
[48251][1766853113908][main][info]["Main~scratchpadThemeAction:: action: set, value: dark"]
[48251][1766853113913][main][info]["Main~scratchpadThemeAction:: action: set, value: dark"]
[48251][1766853113917][main][info]["UpdateHandler~app-update-events - Received event",{"name":"checkForElectronVersionUpdated","namespace":"appUpdate"}]
[48251][1766853113922][main][info]["windowManager: First requester booted successfully."]
[48251][1766853113923][main][info]["windowManager~restoreWindows: Restoring requester windows"]
[48251][1766853113923][main][info]["WebVersionService: Initialized successfully with version: undefined"]
[48251][1766853113923][main][info]["Main~AppEvents - Received booted event for process requester.Version undefined UI Version: undefined Desktop Platform Version: 11.77.2"]
[48251][1766853139288][main][info]["WindowManager~closeHandler - Closed Window (id: 2 )"]
[48251][1766853139295][main][info]["[FileSystemService] Cleaned up 0 watchers for web contents 2"]
[48251][1766853139298][main][info]["Quitting app"]
[48663][1766853142307][main][info]["Booting Postman 11.77.2, linux-6.18.2-2-cachyos on x64"]
[48663][1766853142309][main][info]["EventBus~initialize - Success"]
[48663][1766853142310][main][info]["Proxy configuration has not been setup"]
[48663][1766853142311][main][info]["CloudProxyManager~init - Success"]
[48663][1766853142313][main][info]["performShellDataMigration: Migration has already been done. Bailing out"]
[48663][1766853142319][main][info]["UpdateHandler~init - Success"]
[48663][1766853142321][main][info]["LeaderSelection: Initialized successfully"]
[48663][1766853142329][main][info]["GPU detected VID 4318 DID 10465 ACTIVE true"]
[48663][1766853142329][main][info]["GPU detected VID 32902 DID 42912 ACTIVE false"]
[48663][1766853142331][main][info]["main.js: Agent started"]
[48663][1766853142331][main][error]["[payments] failed to enable sandbox mode",{"name":"Error","message":"app.enableSandbox() can only be called before app is ready","stack":"Error: app.enableSandbox() can only be called before app is ready\n    at initPaymentView (/opt/postman/app/resources/app/main.js:936:109229)\n    at /opt/postman/app/resources/app/main.js:15:31129"}]
[48663][1766853142331][main][info]["main.js: Payment view IPC handlers initialized"]
[48663][1766853142331][main][info]["shellController~init: Success"]
[48663][1766853142332][main][info]["shellMeta~init: Success"]
[48663][1766853142332][main][info]["partitionMigrationService: State of V7 partition:"]
[48663][1766853142332][main][info]["partitionMigrationService: V7 partitions",[]]
[48663][1766853142332][main][info]["partitionMigrationService~rectifyNamespaceOfScratchPadPartition: There is no partition with scratchpad namespace"]
[48663][1766853142332][main][info]["partitionMigrationService~rectifyNamespaceOfScratchPadPartition: There is no transit partition which could have been used for scratchpad"]
[48663][1766853142332][main][info]["partitionMigrationService~init: Success"]
[48663][1766853142332][main][info]["partitionMigrationService~runV8PartitionsIntegrity: Two way migration~ removing the following partitions from v8",[]]
[48663][1766853142332][main][info]["userPartitionService~_rectifyTheActivePartitionOfApplication: Setting the active partition to ",null]
[48663][1766853142334][main][info]["LinuxAutoUpdater~Cleanup - Initial cleanup successful"]
[48663][1766853142336][main][info]["newAccountRegionPreferenceService~getPreferenceWithFallback - Preference not found in storage."]
[48663][1766853142336][main][info]["newAccountRegionPreferenceService~getToggleMenuTemplate - Using preference:","useUSRegion"]
[48663][1766853142346][main][info]["userPartitionService~init: Success"]
[48663][1766853142374][main][info]["userPartitionService: State of v8 partition system:"]
[48663][1766853142374][main][info]["shell~init~getPartitionToLoad: loading scratchpad partition"]
[48663][1766853142374][main][info]["userPartitionService: List of partitions:",[{"partitionId":"60c1d43c-9435-4a61-bbc4-660aaa9f9373","namespace":"scratchPad","userId":0,"teamId":0,"isDirty":false}]]
[48663][1766853142374][main][info]["userPartitionService: users global meta:",{}]
[48663][1766853142374][main][info]["Main:windowManager~newRequesterWindow: Fetch and update runtime config: undefined"]
[48663][1766853143848][main][info]["RuntimeIPCAgent~started: Success"]
[48663][1766853143862][main][info]["Main~scratchpadThemeAction:: action: set, value: dark"]
[48663][1766853143863][main][info]["Main~scratchpadThemeAction:: action: set, value: dark"]
[48663][1766853143870][main][info]["Main~scratchpadThemeAction:: action: set, value: dark"]
[48663][1766853143876][main][info]["UpdateHandler~app-update-events - Received event",{"name":"checkForElectronVersionUpdated","namespace":"appUpdate"}]
[48663][1766853143880][main][info]["windowManager: First requester booted successfully."]
[48663][1766853143880][main][info]["windowManager~restoreWindows: Restoring requester windows"]
[48663][1766853143881][main][info]["WebVersionService: Initialized successfully with version: undefined"]
[48663][1766853143881][main][info]["Main~AppEvents - Received booted event for process requester.Version undefined UI Version: undefined Desktop Platform Version: 11.77.2"]
[48663][1766853150996][main][info]["Main - model-events~user - (users, add) received"]
[48663][1766853151022][main][info]["WebVersionService: Resetting UI version as user logged out/switched account"]
[48663][1766853151022][main][info]["WebVersionService: Resetting web app version"]
[48663][1766853151024][main][info]["[FileSystemService] Cleaned up 0 watchers for web contents 1"]
[48663][1766853151172][main][info]["AuthHandler~open: Received dom-ready event."]
[48663][1766853151173][main][info]["AuthHandler~open: Received did-finish-load event."]
[48663][1766853151257][main][warn]["AuthHandler~open: Current app is not default protocol client - Falling back to polling mechanism."]
[48663][1766853151258][main][info]["newAccountRegionPreferenceService~getPreferenceWithFallback - Preference not found in storage."]
[48663][1766853151258][main][info]["newAccountRegionPreferenceService~getRegionPreference - Using preference:","useUSRegion"]
[48663][1766853151259][main][info]["AuthHandler~open: new Account region preference:","us"]
[48663][1766853151259][main][info]["AuthHandler~open: get multiLoginToken token."]
[48663][1766853151260][main][info]["AuthHandler~open: Publishing initialize event to auth-window channel."]
[48663][1766853190024][main][info]["[FileSystemService] Cleaned up 0 watchers for web contents 3"]
[48663][1766853190025][main][info]["[FileSystemService] Cleaned up 0 watchers for web contents 2"]
[48663][1766853190027][main][info]["Shell~init~loginUser: associating the user ","32792466"," with transit partition"]
[48663][1766853190028][main][info]["userPartitionService~getNewPartitionId: creating a partition with userId and teamId as 0"]
[48663][1766853190051][main][info]["userPartitionService~associateTransitPartition: ",{"partitionId":"a51402b3-70ae-4b19-9e6f-a42021cb09f7","context":{"namespace":"users","userId":"32792466","teamId":"0","region":"us"}}]
[48663][1766853190069][main][info]["userPartitionService: State of v8 partition system:"]
[48663][1766853190070][main][info]["userPartitionService: List of partitions:",[{"partitionId":"a51402b3-70ae-4b19-9e6f-a42021cb09f7","namespace":"users","userId":"32792466","teamId":"0","lastUpdated":"2025-12-27T16:33:10.051Z"},{"partitionId":"60c1d43c-9435-4a61-bbc4-660aaa9f9373","namespace":"scratchPad","userId":0,"teamId":0,"isDirty":false}]]
[48663][1766853190070][main][info]["userPartitionService: users global meta:",{}]
[48663][1766853190083][main][info]["Main:windowManager~newRequesterWindow: found partition: a51402b3-70ae-4b19-9e6f-a42021cb09f7 for user: 32792466 on us"]
[48663][1766853190083][main][info]["Main:windowManager~newRequesterWindow: Fetch and update runtime config: us"]
[48663][1766853190093][main][info]["getDesktopReleaseVersionAsQueryParams: webVersion: "]
[48663][1766853192546][main][info]["[FileSystemService] Cleaned up 0 watchers for web contents 5"]
[48663][1766853192747][main][info]["Main~getRemoteInitPath:: "]
[48663][1766853192797][main][info]["Main - model-events~user - (user, updated) received"]
[48663][1766853192798][main][info]["Main~reload: https://desktop.postman.com/?desktopVersion=11.77.2&userId=32792466&teamId=0&region=us"]
[48663][1766853192988][main][info]["UpdateHandler~app-update-events - Received event",{"name":"checkForElectronVersionUpdated","namespace":"appUpdate"}]
[48663][1766853192990][main][info]["INTERCEPTOR CONNECTIVITY: Connecting to Interceptor Bridge"]
[48663][1766853192995][main][info]["windowManager: First requester booted successfully."]
[48663][1766853192996][main][info]["windowManager~restoreWindows: Restoring requester windows"]
[48663][1766853192996][main][info]["WebVersionService: Initialized successfully with version: 11.77.2-ui-251224-0111"]
[48663][1766853192996][main][info]["Main~AppEvents - Received booted event for process requester.Version 11.77.2 UI Version: 11.77.2-ui-251224-0111 Desktop Platform Version: 11.77.2"]
[48663][1766853193051][main][info]["Main~getRemoteInitPath:: "]
[48663][1766853193151][main][info]["Main~getPlatformLaunchPerfMetrics"]
[48663][1766853193221][main][info]["INTERCEPTOR CONNECTIVITY: Attempting to start websocket server on port 15611"]
[48663][1766853193521][main][info]["[FileSystemService] Cleaned up 0 watchers for web contents 6"]
[48663][1766853194493][main][info]["Main~getRemoteInitPath:: "]
[48663][1766853194528][main][info]["Main - model-events~user - (user, bootstrapUser) received"]
[48663][1766853194528][main][info]["model-events~user - bootstrapUser received"]
[48663][1766853194562][main][info]["Main - model-events~user - (user, updated) received"]
[48663][1766853194563][main][info]["Main - model-events~user - (user, bootstrapUser) received"]
[48663][1766853194563][main][info]["model-events~user - bootstrapUser received"]
[48663][1766853194732][main][info]["UpdateHandler~app-update-events - Received event",{"name":"checkForElectronVersionUpdated","namespace":"appUpdate"}]
[48663][1766853194738][main][info]["WebVersionService: Initialized successfully with version: 11.77.2-ui-251224-0111"]
[48663][1766853194739][main][info]["Main~AppEvents - Received booted event for process requester.Version 11.77.2 UI Version: 11.77.2-ui-251224-0111 Desktop Platform Version: 11.77.2"]
[48663][1766853194770][main][info]["Main~getRemoteInitPath:: "]
[48663][1766853194835][main][info]["Main~getPlatformLaunchPerfMetrics"]
[48663][1766853194841][main][info]["Main - model-events~user - (user, updated) received"]
[48663][1766853194845][main][info]["Main - model-events~user - (user, bootstrappedUser) received"]
[48663][1766853194978][main][info]["MenuManager~FlexibleUI - Updating menu for flexible layout: false"]
[48663][1766853194980][main][info]["GPU detected VID 4318 DID 10465 ACTIVE true"]
[48663][1766853194980][main][info]["GPU detected VID 32902 DID 42912 ACTIVE false"]
[48663][1766853194982][main][info]["newAccountRegionPreferenceService~getPreferenceWithFallback - Preference not found in storage."]
[48663][1766853194982][main][info]["newAccountRegionPreferenceService~getToggleMenuTemplate - Using preference:","useUSRegion"]
[48663][1766853194984][main][info]["MenuManager~updateViewMenuForFlexibleLayout: Menu updated with flexible layout disabled"]
[48663][1766853195092][main][info]["Main - model-events~user - (user, updated) received"]
[48663][1766853195118][main][info]["Main - model-events~user - (user, bootstrappedUser) received"]
[48663][1766853201208][main][info]["Agent.worker: Agent process started"]
[48663][1766853201210][main][info]["Initializing provider:","runtime"]
[48663][1766853201211][main][info]["Initializing provider:","cloudFiles"]
[48663][1766853201211][main][info]["Agent.worker: Provider initialized","cloudFiles"]
[48663][1766853201337][main][info]["Agent.worker: Provider initialized","runtime"]
[48663][1766865318856][main][info]["WindowManager~closeHandler - Closed Window (id: 3 )"]
[48663][1766865318874][main][info]["[FileSystemService] Cleaned up 0 watchers for web contents 7"]
[48663][1766865318877][main][info]["[FileSystemService] Cleaned up 0 watchers for web contents 4"]
[48663][1766865318880][main][info]["Quitting app"]
[48663][1766865318890][main][info]["[FileSystemService] Cleaned up 0 watchers for web contents 7"]
[3389][1767006260086][main][info]["Booting Postman 11.77.2, linux-6.18.2-2-cachyos on x64"]
[3389][1767006260087][main][info]["EventBus~initialize - Success"]
[3389][1767006260089][main][info]["Proxy configuration has not been setup"]
[3389][1767006260089][main][info]["CloudProxyManager~init - Success"]
[3389][1767006260091][main][info]["performShellDataMigration: Migration has already been done. Bailing out"]
[3389][1767006260094][main][info]["UpdateHandler~init - Success"]
[3389][1767006260096][main][info]["LeaderSelection: Initialized successfully"]
[3389][1767006260102][main][info]["GPU detected VID 4318 DID 10465 ACTIVE true"]
[3389][1767006260102][main][info]["GPU detected VID 32902 DID 42912 ACTIVE false"]
[3389][1767006260103][main][info]["main.js: Agent started"]
[3389][1767006260103][main][error]["[payments] failed to enable sandbox mode",{"name":"Error","message":"app.enableSandbox() can only be called before app is ready","stack":"Error: app.enableSandbox() can only be called before app is ready\n    at initPaymentView (/opt/postman/app/resources/app/main.js:936:109229)\n    at /opt/postman/app/resources/app/main.js:15:31129"}]
[3389][1767006260104][main][info]["main.js: Payment view IPC handlers initialized"]
[3389][1767006260104][main][info]["shellController~init: Success"]
[3389][1767006260104][main][info]["shellMeta~init: Success"]
[3389][1767006260104][main][info]["partitionMigrationService: State of V7 partition:"]
[3389][1767006260104][main][info]["partitionMigrationService: V7 partitions",[]]
[3389][1767006260104][main][info]["partitionMigrationService~rectifyNamespaceOfScratchPadPartition: There is no partition with scratchpad namespace"]
[3389][1767006260104][main][info]["partitionMigrationService~rectifyNamespaceOfScratchPadPartition: There is no transit partition which could have been used for scratchpad"]
[3389][1767006260104][main][info]["partitionMigrationService~init: Success"]
[3389][1767006260104][main][info]["partitionMigrationService~runV8PartitionsIntegrity: Two way migration~ removing the following partitions from v8",[]]
[3389][1767006260105][main][info]["userPartitionService~getRecentV8UserPartition: recent v8 user context partition ","a51402b3-70ae-4b19-9e6f-a42021cb09f7"]
[3389][1767006260105][main][info]["userPartitionService~_rectifyTheActivePartitionOfApplication: Setting the active partition to ","a51402b3-70ae-4b19-9e6f-a42021cb09f7"]
[3389][1767006260107][main][info]["LinuxAutoUpdater~Cleanup - Initial cleanup successful"]
[3389][1767006260108][main][info]["newAccountRegionPreferenceService~getPreferenceWithFallback - Preference not found in storage."]
[3389][1767006260108][main][info]["newAccountRegionPreferenceService~getToggleMenuTemplate - Using preference:","useUSRegion"]
[3389][1767006260122][main][info]["userPartitionService~init: Success"]
[3389][1767006260145][main][info]["userPartitionService: State of v8 partition system:"]
[3389][1767006260145][main][info]["shell~init~getPartitionToLoad: loading active partition"]
[3389][1767006260145][main][info]["userPartitionService: List of partitions:",[{"partitionId":"a51402b3-70ae-4b19-9e6f-a42021cb09f7","namespace":"users","userId":"32792466","teamId":"0","lastUpdated":"2025-12-27T16:33:10.076Z"},{"partitionId":"60c1d43c-9435-4a61-bbc4-660aaa9f9373","namespace":"scratchPad","userId":0,"teamId":0,"isDirty":false}]]
[3389][1767006260146][main][info]["userPartitionService: users global meta:",{}]
[3389][1767006260146][main][info]["Main:windowManager~newRequesterWindow: Fetch and update runtime config: us"]
[3389][1767006260185][main][info]["getDesktopReleaseVersionAsQueryParams: webVersion: "]
[3389][1767006261502][main][info]["Main~getRemoteInitPath:: "]
[3389][1767006261517][main][info]["Main - model-events~user - (user, bootstrapUser) received"]
[3389][1767006261517][main][info]["model-events~user - bootstrapUser received"]
[3389][1767006261530][main][info]["UpdateHandler~app-update-events - Received event",{"name":"checkForElectronVersionUpdated","namespace":"appUpdate"}]
[3389][1767006261531][main][info]["INTERCEPTOR CONNECTIVITY: Connecting to Interceptor Bridge"]
[3389][1767006261538][main][info]["windowManager: First requester booted successfully."]
[3389][1767006261538][main][info]["windowManager~restoreWindows: Restoring requester windows"]
[3389][1767006261538][main][info]["WebVersionService: Initialized successfully with version: 11.77.2-ui-251224-0111"]
[3389][1767006261538][main][info]["Main~AppEvents - Received booted event for process requester.Version 11.77.2 UI Version: 11.77.2-ui-251224-0111 Desktop Platform Version: 11.77.2"]
[3389][1767006261586][main][info]["Main~getRemoteInitPath:: "]
[3389][1767006261731][main][info]["MenuManager~FlexibleUI - Updating menu for flexible layout: false"]
[3389][1767006261733][main][info]["GPU detected VID 4318 DID 10465 ACTIVE true"]
[3389][1767006261733][main][info]["GPU detected VID 32902 DID 42912 ACTIVE false"]
[3389][1767006261734][main][info]["newAccountRegionPreferenceService~getPreferenceWithFallback - Preference not found in storage."]
[3389][1767006261735][main][info]["newAccountRegionPreferenceService~getToggleMenuTemplate - Using preference:","useUSRegion"]
[3389][1767006261737][main][info]["MenuManager~updateViewMenuForFlexibleLayout: Menu updated with flexible layout disabled"]
[3389][1767006261855][main][info]["Main - model-events~user - (user, updated) received"]
[3389][1767006277625][main][info]["INTERCEPTOR CONNECTIVITY: Attempting to start websocket server on port 15611"]
[3389][1767006295297][main][info]["Main - model-events~user - (user, bootstrappedUser) received"]
[3389][1767006295405][main][info]["Agent.worker: Agent process started"]
[3389][1767006295407][main][info]["Initializing provider:","runtime"]
[3389][1767006295408][main][info]["Initializing provider:","cloudFiles"]
[3389][1767006295408][main][info]["Agent.worker: Provider initialized","cloudFiles"]
[3389][1767006295536][main][info]["Agent.worker: Provider initialized","runtime"]
[3389][1767006312161][main][info]["Main~getPlatformLaunchPerfMetrics"]
[3389][1767006321460][main][info]["RuntimeIPCAgent~started: Success"]
[3389][1767006321467][main][info]["Initializing provider:","fs"]
[3389][1767006321467][main][info]["Agent.worker: Provider initialized","fs"]
[3389][1767041598636][main][info]["WindowManager~closeHandler - Closed Window (id: 1 )"]
[3389][1767041598652][main][info]["[FileSystemService] Cleaned up 0 watchers for web contents 1"]
[3389][1767041598653][main][info]["Quitting app"]
