12/24/2025, 12:00:14 PM GMT-3 0: 

----------------------------------------------
12/24/2025, 12:00:14 PM GMT-3 1: Discord starting: {"releaseChannel":"stable","version":"0.0.119"}, modulepath: /home/henrique/.config/discord/0.0.119/modules
12/24/2025, 12:00:14 PM GMT-3 2: ✅ webContents.created web1 "index.html"
12/24/2025, 12:00:14 PM GMT-3 3: ✅ window.created win1 "discord"
12/24/2025, 12:00:15 PM GMT-3 4: ✅ webContents.did-finish-load web1
12/24/2025, 12:00:20 PM GMT-3 5: ✅ webContents.created web2 ""
12/24/2025, 12:00:20 PM GMT-3 6: ✅ window.created win2 "Discord"
12/24/2025, 12:00:21 PM GMT-3 7: ✅ webContents.did-finish-load web2
12/24/2025, 12:00:22 PM GMT-3 8: window.close win1
12/24/2025, 12:00:22 PM GMT-3 9: webContents.destroyed web1
12/24/2025, 12:00:22 PM GMT-3 10: window.closed win1
12/24/2025, 5:26:03 PM GMT-3 11: before-quit
12/24/2025, 5:26:03 PM GMT-3 12: window.close win2
12/26/2025, 6:09:33 PM GMT-3 0: 

----------------------------------------------
12/26/2025, 6:09:33 PM GMT-3 1: Discord starting: {"releaseChannel":"stable","version":"0.0.119"}, modulepath: /home/henrique/.config/discord/0.0.119/modules
12/26/2025, 6:09:33 PM GMT-3 2: ✅ webContents.created web1 "index.html"
12/26/2025, 6:09:33 PM GMT-3 3: ✅ window.created win1 "discord"
12/26/2025, 6:09:33 PM GMT-3 4: ✅ webContents.did-finish-load web1
12/26/2025, 6:09:33 PM GMT-3 5: ✅ webContents.created web2 ""
12/26/2025, 6:09:33 PM GMT-3 6: ✅ window.created win2 "Discord"
12/26/2025, 6:09:35 PM GMT-3 7: ✅ webContents.did-finish-load web2
12/26/2025, 6:09:35 PM GMT-3 8: window.close win1
12/26/2025, 6:09:35 PM GMT-3 9: webContents.destroyed web1
12/26/2025, 6:09:35 PM GMT-3 10: window.closed win1
12/26/2025, 11:08:38 PM GMT-3 11: before-quit
12/26/2025, 11:08:38 PM GMT-3 12: window.close win2
12/27/2025, 10:38:39 AM GMT-3 0: 

----------------------------------------------
12/27/2025, 10:38:39 AM GMT-3 1: Discord starting: {"releaseChannel":"stable","version":"0.0.119"}, modulepath: /home/henrique/.config/discord/0.0.119/modules
12/27/2025, 10:38:39 AM GMT-3 2: ✅ webContents.created web1 "index.html"
12/27/2025, 10:38:39 AM GMT-3 3: ✅ window.created win1 "discord"
12/27/2025, 10:38:39 AM GMT-3 4: ✅ webContents.did-finish-load web1
12/27/2025, 10:38:40 AM GMT-3 5: ✅ webContents.created web2 ""
12/27/2025, 10:38:40 AM GMT-3 6: ✅ window.created win2 "Discord"
12/27/2025, 10:38:41 AM GMT-3 7: ✅ webContents.did-finish-load web2
12/27/2025, 10:38:42 AM GMT-3 8: window.close win1
12/27/2025, 10:38:42 AM GMT-3 9: webContents.destroyed web1
12/27/2025, 10:38:42 AM GMT-3 10: window.closed win1
12/27/2025, 6:47:58 PM GMT-3 11: window.close win2
12/27/2025, 6:48:01 PM GMT-3 0: 

----------------------------------------------
12/27/2025, 6:48:07 PM GMT-3 12: before-quit
12/27/2025, 6:48:07 PM GMT-3 13: window.close win2
12/27/2025, 6:48:07 PM GMT-3 14: webContents.destroyed web2
12/27/2025, 6:48:10 PM GMT-3 0: 

----------------------------------------------
12/27/2025, 6:48:10 PM GMT-3 1: Discord starting: {"releaseChannel":"stable","version":"0.0.119"}, modulepath: /home/henrique/.config/discord/0.0.119/modules
12/27/2025, 6:48:10 PM GMT-3 2: ✅ webContents.created web1 "index.html"
12/27/2025, 6:48:10 PM GMT-3 3: ✅ window.created win1 "discord"
12/27/2025, 6:48:11 PM GMT-3 4: ✅ webContents.did-finish-load web1
12/27/2025, 6:49:07 PM GMT-3 5: ✅ webContents.created web2 ""
12/27/2025, 6:49:07 PM GMT-3 6: ✅ window.created win2 "Discord"
12/27/2025, 6:49:09 PM GMT-3 7: ✅ webContents.did-finish-load web2
12/27/2025, 6:49:10 PM GMT-3 8: window.close win1
12/27/2025, 6:49:10 PM GMT-3 9: webContents.destroyed web1
12/27/2025, 6:49:10 PM GMT-3 10: window.closed win1
12/27/2025, 6:49:12 PM GMT-3 11: ✅ webContents.did-finish-load web2
12/27/2025, 9:34:38 PM GMT-3 12: window.close win2
12/27/2025, 11:28:31 PM GMT-3 13: before-quit
12/27/2025, 11:28:31 PM GMT-3 14: window.close win2
12/28/2025, 3:27:47 PM GMT-3 0: 

----------------------------------------------
12/28/2025, 3:27:47 PM GMT-3 1: Discord starting: {"releaseChannel":"stable","version":"0.0.119"}, modulepath: /home/henrique/.config/discord/0.0.119/modules
12/28/2025, 3:27:47 PM GMT-3 2: ✅ webContents.created web1 "index.html"
12/28/2025, 3:27:47 PM GMT-3 3: ✅ window.created win1 "discord"
12/28/2025, 3:27:47 PM GMT-3 4: ✅ webContents.did-finish-load web1
12/28/2025, 3:27:47 PM GMT-3 5: ✅ webContents.created web2 ""
12/28/2025, 3:27:47 PM GMT-3 6: ✅ window.created win2 "Discord"
12/28/2025, 3:27:48 PM GMT-3 7: ✅ webContents.did-finish-load web2
12/28/2025, 3:27:49 PM GMT-3 8: window.close win1
12/28/2025, 3:27:49 PM GMT-3 9: webContents.destroyed web1
12/28/2025, 3:27:49 PM GMT-3 10: window.closed win1
12/28/2025, 10:36:53 PM GMT-3 11: before-quit
12/28/2025, 10:36:53 PM GMT-3 12: window.close win2
12/29/2025, 6:49:22 PM GMT-3 0: 

----------------------------------------------
12/29/2025, 6:49:22 PM GMT-3 1: Discord starting: {"releaseChannel":"stable","version":"0.0.119"}, modulepath: /home/henrique/.config/discord/0.0.119/modules
12/29/2025, 6:49:22 PM GMT-3 2: ✅ webContents.created web1 "index.html"
12/29/2025, 6:49:22 PM GMT-3 3: ✅ window.created win1 "discord"
12/29/2025, 6:49:22 PM GMT-3 4: ✅ webContents.did-finish-load web1
12/29/2025, 6:49:23 PM GMT-3 5: ✅ webContents.created web2 ""
12/29/2025, 6:49:23 PM GMT-3 6: ✅ window.created win2 "Discord"
12/29/2025, 6:49:24 PM GMT-3 7: ✅ webContents.did-finish-load web2
12/29/2025, 6:49:25 PM GMT-3 8: window.close win1
12/29/2025, 6:49:25 PM GMT-3 9: webContents.destroyed web1
12/29/2025, 6:49:25 PM GMT-3 10: window.closed win1
12/29/2025, 11:07:27 PM GMT-3 11: before-quit
12/29/2025, 11:07:27 PM GMT-3 12: window.close win2
12/30/2025, 9:30:54 AM GMT-3 0: 

----------------------------------------------
12/30/2025, 9:30:54 AM GMT-3 1: Discord starting: {"releaseChannel":"stable","version":"0.0.119"}, modulepath: /home/henrique/.config/discord/0.0.119/modules
12/30/2025, 9:30:54 AM GMT-3 2: ✅ webContents.created web1 "index.html"
12/30/2025, 9:30:54 AM GMT-3 3: ✅ window.created win1 "discord"
12/30/2025, 9:30:54 AM GMT-3 4: ✅ webContents.did-finish-load web1
12/30/2025, 9:30:54 AM GMT-3 5: ✅ webContents.created web2 ""
12/30/2025, 9:30:54 AM GMT-3 6: ✅ window.created win2 "Discord"
12/30/2025, 9:30:56 AM GMT-3 7: ✅ webContents.did-finish-load web2
12/30/2025, 9:30:57 AM GMT-3 8: window.close win1
12/30/2025, 9:30:57 AM GMT-3 9: webContents.destroyed web1
12/30/2025, 9:30:57 AM GMT-3 10: window.closed win1
12/30/2025, 9:31:14 AM GMT-3 11: window.close win2
12/30/2025, 9:31:27 AM GMT-3 0: 

----------------------------------------------
12/30/2025, 9:31:27 AM GMT-3 1: Discord starting: {"releaseChannel":"stable","version":"0.0.119"}, modulepath: /home/henrique/.config/discord/0.0.119/modules
12/30/2025, 9:31:27 AM GMT-3 2: Wrote 381136 byte minidump to /home/henrique/.config/discord/0.0.119/modules/crashlogs/12_30_2025__9_31_27_AM_GMT_3-0-minidump.dmp
12/30/2025, 9:31:28 AM GMT-3 3: ✅ webContents.created web1 "index.html"
12/30/2025, 9:31:28 AM GMT-3 4: ✅ window.created win1 "discord"
12/30/2025, 9:31:28 AM GMT-3 5: Sentry report: {"contexts":{"trace":{"trace_id":"b958ac3b711348c6adbb69b0178830ee","span_id":"b409b8bc0cd8d110"},"app":{"app_name":"discord","app_version":"0.0.119","app_start_time":"2025-12-30T12:30:53.639Z"},"os":{"kernel_version":"6.18.2-2-cachyos","name":"Ubuntu Linux","version":"\"rolling\""},"browser":{"name":"Chrome"},"chrome":{"name":"Chrome","type":"runtime","version":"138.0.7204.251"},"device":{"arch":"x64","family":"Desktop","language":"pt-BR","screen_density":1.3333333730697632,"screen_resolution":"2560x1600","memory_size":16470675456,"free_memory":5407301632,"processor_count":16,"cpu_description":"13th Gen Intel(R) Core(TM) i5-13500H","processor_frequency":4100},"node":{"name":"Node","type":"runtime","version":"22.19.0"},"runtime":{"name":"Electron","version":"37.6.0"}},"environment":"stable","release":"0.0.119","user":{"ip_address":"{{auto}}","id":"262689267178799105","username":"alemaodoforro","email":"henrcraft@gmail.com"},"tags":{"event.origin":"electron","event.environment":"native","event.process":"browser","event_type":"native","nativeBuildNumber":"null"},"level":"fatal","platform":"native","breadcrumbs":[{"timestamp":1767097854.734,"type":"http","category":"electron.net","data":{"url":"https://discord.com/api/updates/stable?platform=linux&version=0.0.119","method":"GET","status_code":204}},{"timestamp":1767097854.737,"category":"console","level":"log","message":"[ConnectivityTester vc5yvd] Sending DNS query: idt-vc5yvd-mjskfr4h.loc-pt-br.chk-updaterdep.res-ok.dur-0.v1.dc-telemetry.net"},{"timestamp":1767097854.763,"category":"console","level":"log","message":"12/30/2025, 9:30:54 AM GMT-3 [Modules] Host is up to date."},{"timestamp":1767097854.764,"category":"console","level":"log","message":"12/30/2025, 9:30:54 AM GMT-3 [Modules] Checking for module updates at https://discord.com/api/modules/stable/versions.json"},{"timestamp":1767097854.783,"type":"http","category":"electron.net","data":{"url":"https://idt-vc5yvd-mjskfr4h.loc-pt-br.chk-updaterdep.res-ok.dur-0.v1.dc-telemetry.net/","method":"GET"}},{"timestamp":1767097854.794,"type":"http","category":"electron.net","data":{"url":"https://discord.com/api/modules/stable/versions.json?host_version=0.0.119&platform=linux&_=5890326","method":"GET","status_code":200}},{"timestamp":1767097854.796,"category":"console","level":"log","message":"12/30/2025, 9:30:54 AM GMT-3 [Modules] No module updates available."},{"timestamp":1767097854.797,"category":"console","level":"log","message":"splashScreen: update-check-finished true 0 false"},{"timestamp":1767097854.797,"category":"console","level":"log","message":"splashScreen.launchMainWindow: false"},{"timestamp":1767097854.832,"category":"electron","message":"powerMonitor.newListener","type":"ui"},{"timestamp":1767097854.832,"category":"electron","message":"powerMonitor.newListener","type":"ui"},{"timestamp":1767097854.832,"category":"electron","message":"powerMonitor.newListener","type":"ui"},{"timestamp":1767097854.832,"category":"electron","message":"powerMonitor.newListener","type":"ui"},{"timestamp":1767097854.832,"category":"electron","message":"powerMonitor.newListener","type":"ui"},{"timestamp":1767097854.847,"category":"electron","message":"app.web-contents-created","type":"ui"},{"timestamp":1767097854.847,"category":"electron","message":"app.browser-window-created","type":"ui"},{"timestamp":1767097854.848,"category":"console","level":"log","message":"Optional module ./ElectronTestRpc was not included."},{"timestamp":1767097854.848,"category":"console","level":"log","message":"Clearing GPU cache..."},{"timestamp":1767097854.849,"category":"console","level":"log","message":"splashScreen.updateSplashState launching launching {}"},{"timestamp":1767097854.849,"category":"console","level":"log","message":"splashScreen.webContentsSend: SPLASH_UPDATE_STATE SPLASH_UPDATE_STATE [ { status: 'launching' } ]"},{"timestamp":1767097854.849,"category":"console","level":"log","message":"blackbox: 12/30/2025, 9:30:54 AM GMT-3 5 ✅ webContents.created web2 \"\""},{"timestamp":1767097854.852,"category":"console","level":"log","message":"Clearing code cache..."},{"timestamp":1767097854.855,"category":"console","level":"log","message":"blackbox: 12/30/2025, 9:30:54 AM GMT-3 6 ✅ window.created win2 \"Discord\""},{"timestamp":1767097854.859,"category":"electron","message":"window.maximize","type":"ui","data":{}},{"timestamp":1767097854.86,"category":"electron","message":"window.show","type":"ui","data":{}},{"timestamp":1767097854.926,"category":"console","level":"log","message":"[ConnectivityTester vc5yvd] Sending DNS query: idt-vc5yvd-mjskfr9p.loc-pt-br.chk-webapp.res-ok.dur-0.v1.dc-telemetry.net"},{"timestamp":1767097854.943,"type":"http","category":"electron.net","data":{"url":"https://idt-vc5yvd-mjskfr9p.loc-pt-br.chk-webapp.res-ok.dur-0.v1.dc-telemetry.net/","method":"GET"}},{"timestamp":1767097854.976,"category":"electron","message":"window.maximize","type":"ui","data":{"id":2,"url":"https://discord.com/app?_=1767097854842"}},{"timestamp":1767097854.977,"category":"electron","message":"window.blur","type":"ui","data":{"id":1,"url":"app:///app_bootstrap/splash/index.html"}},{"timestamp":1767097854.977,"category":"electron","message":"app.browser-window-blur","type":"ui"},{"timestamp":1767097854.977,"category":"electron","message":"window.focus","type":"ui","data":{"id":2,"url":"https://discord.com/app?_=1767097854842"}},{"timestamp":1767097854.977,"category":"electron","message":"app.browser-window-focus","type":"ui"},{"timestamp":1767097855.025,"category":"electron","message":"window.blur","type":"ui","data":{"id":2,"url":"https://discord.com/app?_=1767097854842"}},{"timestamp":1767097855.025,"category":"electron","message":"app.browser-window-blur","type":"ui"},{"timestamp":1767097855.025,"category":"electron","message":"window.focus","type":"ui","data":{"id":1,"url":"app:///app_bootstrap/splash/index.html"}},{"timestamp":1767097855.025,"category":"electron","message":"app.browser-window-focus","type":"ui"},{"timestamp":1767097856.394,"category":"electron","message":"renderer.dom-ready","type":"ui","data":{"id":2,"url":"https://discord.com/app?_=1767097854842"}},{"timestamp":1767097856.395,"category":"console","level":"log","message":"blackbox: 12/30/2025, 9:30:56 AM GMT-3 7 ✅ webContents.did-finish-load web2"},{"timestamp":1767097856.806,"category":"console","data":{"arguments":["Initializing voice engine with audio subsystem: standard"],"logger":"console"},"level":"log","message":"Initializing voice engine with audio subsystem: standard"},{"timestamp":1767097857.113,"category":"console","level":"log","message":"legacyModuleUpdater: installed-module discord_krisp 1 1 true"},{"timestamp":1767097857.117,"category":"console","level":"log","message":"legacyModuleUpdater: installed-module discord_game_utils 1 1 true"},{"timestamp":1767097857.374,"category":"console","level":"log","message":"mainScreen.UpdaterEvents: UPDATER_HISTORY_QUERY_AND_TRUNCATE"},{"timestamp":1767097857.374,"category":"console","level":"log","message":"ipcMain.on(IPCEvents.APP_ASYNC_INDEX_TSX_LOADED) false false"},{"timestamp":1767097857.375,"category":"console","level":"log","message":"splashScreen.pageReady"},{"timestamp":1767097857.376,"category":"electron","message":"window.show","type":"ui","data":{"id":2,"url":"https://discord.com/app?_=1767097854842"}},{"timestamp":1767097857.386,"category":"electron","message":"window.blur","type":"ui","data":{"id":1,"url":"app:///app_bootstrap/splash/index.html"}},{"timestamp":1767097857.386,"category":"electron","message":"app.browser-window-blur","type":"ui"},{"timestamp":1767097857.386,"category":"electron","message":"window.focus","type":"ui","data":{"id":2,"url":"https://discord.com/app?_=1767097854842"}},{"timestamp":1767097857.386,"category":"electron","message":"app.browser-window-focus","type":"ui"},{"timestamp":1767097857.388,"category":"electron","message":"window.blur","type":"ui","data":{"id":2,"url":"https://discord.com/app?_=1767097854842"}},{"timestamp":1767097857.388,"category":"electron","message":"app.browser-window-blur","type":"ui"},{"timestamp":1767097857.388,"category":"electron","message":"window.focus","type":"ui","data":{"id":1,"url":"app:///app_bootstrap/splash/index.html"}},{"timestamp":1767097857.388,"category":"electron","message":"app.browser-window-focus","type":"ui"},{"timestamp":1767097857.389,"category":"electron","message":"window.blur","type":"ui","data":{"id":1,"url":"app:///app_bootstrap/splash/index.html"}},{"timestamp":1767097857.389,"category":"electron","message":"app.browser-window-blur","type":"ui"},{"timestamp":1767097857.389,"category":"electron","message":"window.focus","type":"ui","data":{"id":2,"url":"https://discord.com/app?_=1767097854842"}},{"timestamp":1767097857.389,"category":"electron","message":"app.browser-window-focus","type":"ui"},{"timestamp":1767097857.389,"category":"electron","message":"window.blur","type":"ui","data":{"id":2,"url":"https://discord.com/app?_=1767097854842"}},{"timestamp":1767097857.389,"category":"electron","message":"app.browser-window-blur","type":"ui"},{"timestamp":1767097857.389,"category":"electron","message":"window.focus","type":"ui","data":{"id":1,"url":"app:///app_bootstrap/splash/index.html"}},{"timestamp":1767097857.389,"category":"electron","message":"app.browser-window-focus","type":"ui"},{"timestamp":1767097857.396,"category":"console","level":"log","message":"mainScreen.UpdaterEvents: UPDATER_HISTORY_QUERY_AND_TRUNCATE"},{"timestamp":1767097857.476,"category":"electron","message":"window.hide","type":"ui","data":{"id":1,"url":"app:///app_bootstrap/splash/index.html"}},{"timestamp":1767097857.477,"category":"electron","message":"window.close","type":"ui","data":{"id":1,"url":"app:///app_bootstrap/splash/index.html"}},{"timestamp":1767097857.478,"category":"console","level":"log","message":"blackbox: 12/30/2025, 9:30:57 AM GMT-3 8 window.close win1"},{"timestamp":1767097857.478,"category":"electron","message":"window.blur","type":"ui","data":{"id":1,"url":"app:///app_bootstrap/splash/index.html"}},{"timestamp":1767097857.478,"category":"electron","message":"app.browser-window-blur","type":"ui"},{"timestamp":1767097857.479,"category":"electron","message":"renderer.destroyed","type":"ui","data":{"id":1,"url":"app:///app_bootstrap/splash/index.html"}},{"timestamp":1767097857.48,"category":"electron","message":"window.closed","type":"ui","data":{"id":1,"url":"app:///app_bootstrap/splash/index.html"}},{"timestamp":1767097857.487,"category":"console","level":"log","message":"blackbox: 12/30/2025, 9:30:57 AM GMT-3 9 webContents.destroyed web1"},{"timestamp":1767097857.494,"category":"console","level":"log","message":"blackbox: 12/30/2025, 9:30:57 AM GMT-3 10 window.closed win1"},{"timestamp":1767097857.508,"category":"electron","message":"window.focus","type":"ui","data":{"id":2,"url":"https://discord.com/app?_=1767097854842"}},{"timestamp":1767097857.508,"category":"electron","message":"app.browser-window-focus","type":"ui"},{"timestamp":1767097858.05,"category":"console","level":"log","message":"mainScreen.UpdaterEvents: UPDATER_HISTORY_QUERY_AND_TRUNCATE"},{"timestamp":1767097858.729,"category":"console","level":"log","message":"legacyModuleUpdater: installed-module discord_rpc 1 1 true"},{"timestamp":1767097858.765,"category":"console","level":"log","message":"mainScreen.UpdaterEvents: UPDATER_HISTORY_QUERY_AND_TRUNCATE"},{"timestamp":1767097862.247,"category":"ui.click","message":"a._972a0d22c8afa7f0-link[aria-label=\"korm7 (mensagem direta)\"]"},{"timestamp":1767097862.858,"category":"ui.click","message":"a._972a0d22c8afa7f0-link[aria-label=\"não lida, Affz (mensagem direta), Não perturbar\"]"},{"timestamp":1767097862.923,"category":"console","level":"log","message":"mainScreen.UpdaterEvents: CHECK_FOR_UPDATES UPDATE_NOT_AVAILABLE"},{"timestamp":1767097862.923,"category":"console","level":"log","message":"12/30/2025, 9:31:02 AM GMT-3 [Modules] Checking for host updates."},{"timestamp":1767097863.524,"type":"http","category":"electron.net","data":{"url":"https://discord.com/api/updates/stable?platform=linux&version=0.0.119","method":"GET","status_code":204}},{"timestamp":1767097863.527,"category":"console","level":"log","message":"12/30/2025, 9:31:03 AM GMT-3 [Modules] Host is up to date."},{"timestamp":1767097863.528,"category":"console","level":"log","message":"12/30/2025, 9:31:03 AM GMT-3 [Modules] Checking for module updates at https://discord.com/api/modules/stable/versions.json"},{"timestamp":1767097863.532,"type":"http","category":"electron.net","data":{"url":"https://discord.com/api/modules/stable/versions.json?host_version=0.0.119&platform=linux&_=5890326","method":"GET","status_code":200}},{"timestamp":1767097863.534,"category":"console","level":"log","message":"12/30/2025, 9:31:03 AM GMT-3 [Modules] No module updates available."},{"timestamp":1767097863.538,"category":"console","level":"log","message":"legacyModuleUpdater: update-check-finished"},{"timestamp":1767097864.836,"category":"ui.click","message":"div"},{"timestamp":1767097865.681,"category":"ui.input","message":"div._752971923a1e6683-markup._1b31f471f0bb10ab-editor.ec4baf0360ff3578-slateTextArea[aria-label=\"Conversar em @Affz\"]"},{"timestamp":1767097866.265,"category":"console","level":"log","message":"legacyModuleUpdater: installed-module discord_spellcheck 1 1 true"},{"timestamp":1767097866.265,"category":"console","level":"log","message":"mainScreen.UpdaterEvents: UPDATER_HISTORY_QUERY_AND_TRUNCATE"},{"timestamp":1767097867.708,"category":"ui.input","message":"div._752971923a1e6683-markup._1b31f471f0bb10ab-editor.ec4baf0360ff3578-slateTextArea[aria-label=\"Conversar em @Affz\"]"},{"timestamp":1767097872.309,"category":"electron","message":"window.minimize","type":"ui","data":{"id":2,"url":"https://discord.com/channels/@me/732655345440129084"}},{"timestamp":1767097872.307,"category":"ui.click","message":"div.c38106a3f0c3ca76-winButton.c38106a3f0c3ca76-winButtonMinMax[aria-label=\"Minimizar\"]"},{"timestamp":1767097872.311,"category":"electron","message":"window.blur","type":"ui","data":{"id":2,"url":"https://discord.com/channels/@me/732655345440129084"}},{"timestamp":1767097872.311,"category":"electron","message":"app.browser-window-blur","type":"ui"},{"timestamp":1767097874.995,"category":"electron","message":"window.close","type":"ui","data":{"id":2,"url":"https://discord.com/channels/@me/732655345440129084"}},{"timestamp":1767097874.995,"category":"electron","message":"window.hide","type":"ui","data":{"id":2,"url":"https://discord.com/channels/@me/732655345440129084"}},{"timestamp":1767097874.996,"category":"console","level":"log","message":"blackbox: 12/30/2025, 9:31:14 AM GMT-3 11 window.close win2"},{"timestamp":1767097876.815,"category":"electron","message":"window.blur","type":"ui","data":{"id":2,"url":"https://discord.com/channels/@me/732655345440129084"}},{"timestamp":1767097876.815,"category":"electron","message":"app.browser-window-blur","type":"ui"},{"timestamp":1767097887.704,"category":"console","level":"log","message":"Discord 0.0.119"},{"timestamp":1767097887.813,"category":"electron","message":"app.will-finish-launching","type":"ui"},{"timestamp":1767097887.817,"category":"electron","message":"app.ready","type":"ui"},{"timestamp":1767097887.822,"category":"electron","message":"app.session-created","type":"ui"},{"timestamp":1767097887.823,"category":"console","level":"warning","message":"(electron) 'session.getPreloads' is deprecated and will be removed. Please use 'session.getPreloadScripts' instead."},{"timestamp":1767097887.823,"category":"console","level":"warning","message":"(electron) 'session.setPreloads' is deprecated and will be removed. Please use 'session.registerPreloadScript' instead."},{"timestamp":1767097887.825,"category":"console","level":"log","message":"Starting app."},{"timestamp":1767097887.832,"category":"console","level":"log","message":"Starting updater."},{"timestamp":1767097887.841,"category":"console","level":"log","message":"12/30/2025, 9:31:27 AM GMT-3 [Modules] Modules initializing"},{"timestamp":1767097887.841,"category":"console","level":"log","message":"12/30/2025, 9:31:27 AM GMT-3 [Modules] Distribution: remote"},{"timestamp":1767097887.841,"category":"console","level":"log","message":"12/30/2025, 9:31:27 AM GMT-3 [Modules] Host updates: enabled"},{"timestamp":1767097887.842,"category":"console","level":"log","message":"12/30/2025, 9:31:27 AM GMT-3 [Modules] Module updates: enabled"},{"timestamp":1767097887.842,"category":"console","level":"log","message":"12/30/2025, 9:31:27 AM GMT-3 [Modules] Module install path: /home/henrique/.config/discord/0.0.119/modules"},{"timestamp":1767097887.842,"category":"console","level":"log","message":"12/30/2025, 9:31:27 AM GMT-3 [Modules] Module installed file path: /home/henrique/.config/discord/0.0.119/modules/installed.json"},{"timestamp":1767097887.842,"category":"console","level":"log","message":"12/30/2025, 9:31:27 AM GMT-3 [Modules] Module download path: /home/henrique/.config/discord/0.0.119/modules/pending"},{"timestamp":1767097887.844,"category":"console","level":"log","message":"splashScreen.initSplash(false)"},{"timestamp":1767097887.844,"category":"console","level":"log","message":"CDM component API found"},{"timestamp":1767097887.86,"category":"electron","message":"app.web-contents-created","type":"ui"},{"timestamp":1767097887.86,"category":"electron","message":"app.browser-window-created","type":"ui"},{"timestamp":1767097887.952,"category":"console","level":"log","message":"blackbox: 12/30/2025, 9:31:27 AM GMT-3 0 \n\n----------------------------------------------"},{"timestamp":1767097887.956,"category":"console","level":"log","message":"CDM completed with status: cdm-ready-success"}],"event_id":"e38dbf84a5164b0190ce46034210a996","timestamp":1767097887.967,"sdk":{"integrations":["SentryMinidump","ElectronBreadcrumbs","Net","MainContext","ChildProcess","OnUncaughtException","PreloadInjection","AdditionalContext","Screenshots","RendererProfiling","InboundFilters","FunctionToString","LinkedErrors","RequestData","Console","Http","Undici","OnUnhandledRejection","ContextLines","LocalVariables","Modules"],"name":"sentry.javascript.electron","version":"4.24.0","packages":[{"name":"npm:@sentry/electron","version":"4.24.0"}]},"modules":{"mkdirp":"1.0.4","yauzl":"2.10.0","fd-slicer":"1.1.0","pend":"1.2.0","buffer-crc32":"0.2.13","rimraf":"2.7.1","glob":"7.2.3","fs.realpath":"1.0.0","minimatch":"3.1.2","brace-expansion":"1.1.11","concat-map":"0.0.1","balanced-match":"1.0.2","inherits":"2.0.4","path-is-absolute":"1.0.1","inflight":"1.0.6","wrappy":"1.0.2","once":"1.4.0","request":"2.88.0","extend":"3.0.2","tough-cookie":"2.4.3","psl":"1.15.0","json-stringify-safe":"5.0.1","safe-buffer":"5.2.1","aws-sign2":"0.7.0","aws4":"1.13.2","http-signature":"1.2.0","assert-plus":"1.0.0","sshpk":"1.18.0","safer-buffer":"2.1.2","asn1":"0.2.6","ecc-jsbn":"0.1.2","jsbn":"0.1.1","tweetnacl":"0.14.5","jsprim":"1.4.2","extsprintf":"1.3.0","verror":"1.10.0","core-util-is":"1.0.2","json-schema":"0.4.0","mime-types":"2.1.35","mime-db":"1.52.0","caseless":"0.12.0","forever-agent":"0.6.1","form-data":"2.3.3","combined-stream":"1.0.8","delayed-stream":"1.0.0","asynckit":"0.4.0","isstream":"0.1.2","is-typedarray":"1.0.0","qs":"6.5.3","har-validator":"5.1.5","ajv":"6.12.6","uri-js":"4.4.1","fast-deep-equal":"3.1.3","json-schema-traverse":"0.4.1","fast-json-stable-stringify":"2.1.0","har-schema":"2.0.0","uuid":"3.4.0","oauth-sign":"0.9.0","tunnel-agent":"0.6.0","performance-now":"2.1.0","arch":"2.2.0","tslib":"2.8.1","localforage":"1.10.0","deepmerge":"4.3.0","electron-log":"5.2.0"},"extra":{"release_channel":"stable","sentry":{"environment":"stable","release":"0.0.119"},"wm":"Hyprland,unknown","runtime_environment":"native","display_server":"wayland","distro":"\"CachyOS\""}}
12/30/2025, 9:31:28 AM GMT-3 6: ✅ webContents.did-finish-load web1
12/30/2025, 9:31:28 AM GMT-3 7: ✅ webContents.created web2 ""
12/30/2025, 9:31:28 AM GMT-3 8: ✅ window.created win2 "Discord"
12/30/2025, 9:31:29 AM GMT-3 9: ✅ webContents.did-finish-load web2
12/30/2025, 9:31:30 AM GMT-3 10: window.close win1
12/30/2025, 9:31:30 AM GMT-3 11: webContents.destroyed web1
12/30/2025, 9:31:30 AM GMT-3 12: window.closed win1
12/30/2025, 9:32:23 AM GMT-3 13: window.close win2
12/30/2025, 11:56:49 AM GMT-3 0: 

----------------------------------------------
12/30/2025, 10:36:10 PM GMT-3 14: before-quit
12/30/2025, 10:36:10 PM GMT-3 15: window.close win2
